<?xml version="1.0" encoding="UTF-8"?>
<!-- Generated by org.testng.reporters.JUnitXMLReporter -->
<testsuite hostname="DESKTOP-1JKDRF2" ignored="0" name="Test" tests="3" failures="1" timestamp="11 Jul 2020 05:38:39 GMT" time="149.12" errors="0">
  <testcase name="test_ValidLoginLogOut" time="32.282" classname="test.ValidLoginAndLogoutTest"/>
  <testcase name="test_InvalidLogin" time="15.102" classname="test.InValidLoginTest"/>
  <testcase name="test_verifyVersion" time="0.457" classname="test.VerifyVersionTest">
    <failure type="java.lang.AssertionError" message="expected [actiTIME 2017.4] but found [actiTIME 2020 Online]">
      <![CDATA[java.lang.AssertionError: expected [actiTIME 2017.4] but found [actiTIME 2020 Online]
at test.VerifyVersionTest.test_verifyVersion(VerifyVersionTest.java:34)
... Removed 31 stack frames]]>
    </failure>
  </testcase> <!-- test_verifyVersion -->
</testsuite> <!-- Test -->
