<?xml version="1.0" encoding="UTF-8"?>
<testng-results skipped="0" failed="1" ignored="0" total="3" passed="2">
  <reporter-output>
    <line>
      <![CDATA[Title is matching....actiTIME - Login]]>
    </line>
    <line>
      <![CDATA[Valid UN : admin]]>
    </line>
    <line>
      <![CDATA[Valid PW : manager]]>
    </line>
    <line>
      <![CDATA[Title is matching....actiTIME - Enter Time-Track]]>
    </line>
    <line>
      <![CDATA[Title is matching....actiTIME - Login]]>
    </line>
    <line>
      <![CDATA[Title is matching....actiTIME - Login]]>
    </line>
    <line>
      <![CDATA[INValid UN : user name]]>
    </line>
    <line>
      <![CDATA[InValid PW : password]]>
    </line>
    <line>
      <![CDATA[Element is displaying]]>
    </line>
    <line>
      <![CDATA[Both the Message are matching]]>
    </line>
    <line>
      <![CDATA[Title is matching....actiTIME - Login]]>
    </line>
    <line>
      <![CDATA[INValid UN : admin]]>
    </line>
    <line>
      <![CDATA[InValid PW : damager]]>
    </line>
    <line>
      <![CDATA[Element is displaying]]>
    </line>
    <line>
      <![CDATA[Both the Message are matching]]>
    </line>
    <line>
      <![CDATA[Title is matching....actiTIME - Login]]>
    </line>
    <line>
      <![CDATA[INValid UN : qsp]]>
    </line>
    <line>
      <![CDATA[InValid PW : jsp]]>
    </line>
    <line>
      <![CDATA[Element is displaying]]>
    </line>
    <line>
      <![CDATA[Both the Message are matching]]>
    </line>
    <line>
      <![CDATA[Title is matching....actiTIME - Login]]>
    </line>
    <line>
      <![CDATA[INValid UN : 45]]>
    </line>
    <line>
      <![CDATA[InValid PW : a]]>
    </line>
    <line>
      <![CDATA[Element is displaying]]>
    </line>
    <line>
      <![CDATA[Both the Message are matching]]>
    </line>
    <line>
      <![CDATA[Title is matching....actiTIME - Login]]>
    </line>
    <line>
      <![CDATA[INValid UN : a]]>
    </line>
    <line>
      <![CDATA[InValid PW : @]]>
    </line>
    <line>
      <![CDATA[Element is displaying]]>
    </line>
    <line>
      <![CDATA[Both the Message are matching]]>
    </line>
    <line>
      <![CDATA[Title is matching....actiTIME - Login]]>
    </line>
    <line>
      <![CDATA[Element is displaying]]>
    </line>
  </reporter-output>
  <suite name="Suite" duration-ms="149120" started-at="2020-07-11T05:36:09Z" finished-at="2020-07-11T05:38:38Z">
    <groups>
    </groups>
    <test name="Test" duration-ms="149120" started-at="2020-07-11T05:36:09Z" finished-at="2020-07-11T05:38:38Z">
      <class name="test.InValidLoginTest">
        <test-method status="PASS" signature="precondition()[pri:0, instance:test.InValidLoginTest@6a41eaa2]" name="precondition" is-config="true" duration-ms="27698" started-at="2020-07-11T05:37:24Z" finished-at="2020-07-11T05:37:52Z">
          <reporter-output>
          </reporter-output>
        </test-method> <!-- precondition -->
        <test-method status="PASS" signature="test_InvalidLogin()[pri:2, instance:test.InValidLoginTest@6a41eaa2]" name="test_InvalidLogin" duration-ms="15102" started-at="2020-07-11T05:37:52Z" finished-at="2020-07-11T05:38:07Z">
          <reporter-output>
            <line>
              <![CDATA[Title is matching....actiTIME - Login]]>
            </line>
            <line>
              <![CDATA[INValid UN : user name]]>
            </line>
            <line>
              <![CDATA[InValid PW : password]]>
            </line>
            <line>
              <![CDATA[Element is displaying]]>
            </line>
            <line>
              <![CDATA[Both the Message are matching]]>
            </line>
            <line>
              <![CDATA[Title is matching....actiTIME - Login]]>
            </line>
            <line>
              <![CDATA[INValid UN : admin]]>
            </line>
            <line>
              <![CDATA[InValid PW : damager]]>
            </line>
            <line>
              <![CDATA[Element is displaying]]>
            </line>
            <line>
              <![CDATA[Both the Message are matching]]>
            </line>
            <line>
              <![CDATA[Title is matching....actiTIME - Login]]>
            </line>
            <line>
              <![CDATA[INValid UN : qsp]]>
            </line>
            <line>
              <![CDATA[InValid PW : jsp]]>
            </line>
            <line>
              <![CDATA[Element is displaying]]>
            </line>
            <line>
              <![CDATA[Both the Message are matching]]>
            </line>
            <line>
              <![CDATA[Title is matching....actiTIME - Login]]>
            </line>
            <line>
              <![CDATA[INValid UN : 45]]>
            </line>
            <line>
              <![CDATA[InValid PW : a]]>
            </line>
            <line>
              <![CDATA[Element is displaying]]>
            </line>
            <line>
              <![CDATA[Both the Message are matching]]>
            </line>
            <line>
              <![CDATA[Title is matching....actiTIME - Login]]>
            </line>
            <line>
              <![CDATA[INValid UN : a]]>
            </line>
            <line>
              <![CDATA[InValid PW : @]]>
            </line>
            <line>
              <![CDATA[Element is displaying]]>
            </line>
            <line>
              <![CDATA[Both the Message are matching]]>
            </line>
          </reporter-output>
        </test-method> <!-- test_InvalidLogin -->
        <test-method status="PASS" signature="postcondition(org.testng.ITestResult)[pri:0, instance:test.InValidLoginTest@6a41eaa2]" name="postcondition" is-config="true" duration-ms="1406" started-at="2020-07-11T05:38:07Z" finished-at="2020-07-11T05:38:09Z">
          <params>
            <param index="0">
              <value>
                <![CDATA[[TestResult name=test_InvalidLogin status=SUCCESS method=InValidLoginTest.test_InvalidLogin()[pri:2, instance:test.InValidLoginTest@6a41eaa2] output=Title is matching....actiTIME - Login]]]>
              </value>
            </param>
          </params>
          <reporter-output>
          </reporter-output>
        </test-method> <!-- postcondition -->
      </class> <!-- test.InValidLoginTest -->
      <class name="test.VerifyVersionTest">
        <test-method status="PASS" signature="precondition()[pri:0, instance:test.VerifyVersionTest@685cb137]" name="precondition" is-config="true" duration-ms="23956" started-at="2020-07-11T05:38:09Z" finished-at="2020-07-11T05:38:32Z">
          <reporter-output>
          </reporter-output>
        </test-method> <!-- precondition -->
        <test-method status="FAIL" signature="test_verifyVersion()[pri:3, instance:test.VerifyVersionTest@685cb137]" name="test_verifyVersion" duration-ms="457" started-at="2020-07-11T05:38:32Z" finished-at="2020-07-11T05:38:33Z">
          <exception class="java.lang.AssertionError">
            <message>
              <![CDATA[expected [actiTIME 2017.4] but found [actiTIME 2020 Online]]]>
            </message>
            <full-stacktrace>
              <![CDATA[java.lang.AssertionError: expected [actiTIME 2017.4] but found [actiTIME 2020 Online]
at org.testng.Assert.fail(Assert.java:96)
at org.testng.Assert.failNotEquals(Assert.java:776)
at org.testng.Assert.assertEqualsImpl(Assert.java:137)
at org.testng.Assert.assertEquals(Assert.java:118)
at org.testng.Assert.assertEquals(Assert.java:453)
at org.testng.Assert.assertEquals(Assert.java:463)
at test.VerifyVersionTest.test_verifyVersion(VerifyVersionTest.java:34)
at sun.reflect.NativeMethodAccessorImpl.invoke0(Native Method)
at sun.reflect.NativeMethodAccessorImpl.invoke(Unknown Source)
at sun.reflect.DelegatingMethodAccessorImpl.invoke(Unknown Source)
at java.lang.reflect.Method.invoke(Unknown Source)
at org.testng.internal.MethodInvocationHelper.invokeMethod(MethodInvocationHelper.java:124)
at org.testng.internal.Invoker.invokeMethod(Invoker.java:580)
at org.testng.internal.Invoker.invokeTestMethod(Invoker.java:716)
at org.testng.internal.Invoker.invokeTestMethods(Invoker.java:988)
at org.testng.internal.TestMethodWorker.invokeTestMethods(TestMethodWorker.java:125)
at org.testng.internal.TestMethodWorker.run(TestMethodWorker.java:109)
at org.testng.TestRunner.privateRun(TestRunner.java:648)
at org.testng.TestRunner.run(TestRunner.java:505)
at org.testng.SuiteRunner.runTest(SuiteRunner.java:455)
at org.testng.SuiteRunner.runSequentially(SuiteRunner.java:450)
at org.testng.SuiteRunner.privateRun(SuiteRunner.java:415)
at org.testng.SuiteRunner.run(SuiteRunner.java:364)
at org.testng.SuiteRunnerWorker.runSuite(SuiteRunnerWorker.java:52)
at org.testng.SuiteRunnerWorker.run(SuiteRunnerWorker.java:84)
at org.testng.TestNG.runSuitesSequentially(TestNG.java:1208)
at org.testng.TestNG.runSuitesLocally(TestNG.java:1137)
at org.testng.TestNG.runSuites(TestNG.java:1049)
at org.testng.TestNG.run(TestNG.java:1017)
at org.testng.remote.AbstractRemoteTestNG.run(AbstractRemoteTestNG.java:114)
at org.testng.remote.RemoteTestNG.initAndRun(RemoteTestNG.java:251)
at org.testng.remote.RemoteTestNG.main(RemoteTestNG.java:77)
]]>
            </full-stacktrace>
          </exception> <!-- java.lang.AssertionError -->
          <reporter-output>
            <line>
              <![CDATA[Title is matching....actiTIME - Login]]>
            </line>
            <line>
              <![CDATA[Element is displaying]]>
            </line>
          </reporter-output>
        </test-method> <!-- test_verifyVersion -->
        <test-method status="PASS" signature="postcondition(org.testng.ITestResult)[pri:0, instance:test.VerifyVersionTest@685cb137]" name="postcondition" is-config="true" duration-ms="5234" started-at="2020-07-11T05:38:33Z" finished-at="2020-07-11T05:38:38Z">
          <params>
            <param index="0">
              <value>
                <![CDATA[[TestResult name=test_verifyVersion status=FAILURE method=VerifyVersionTest.test_verifyVersion()[pri:3, instance:test.VerifyVersionTest@685cb137] output=Title is matching....actiTIME - Login]]]>
              </value>
            </param>
          </params>
          <reporter-output>
          </reporter-output>
        </test-method> <!-- postcondition -->
      </class> <!-- test.VerifyVersionTest -->
      <class name="test.ValidLoginAndLogoutTest">
        <test-method status="PASS" signature="precondition()[pri:0, instance:test.ValidLoginAndLogoutTest@7cd62f43]" name="precondition" is-config="true" duration-ms="38579" started-at="2020-07-11T05:36:09Z" finished-at="2020-07-11T05:36:48Z">
          <reporter-output>
          </reporter-output>
        </test-method> <!-- precondition -->
        <test-method status="PASS" signature="test_ValidLoginLogOut()[pri:1, instance:test.ValidLoginAndLogoutTest@7cd62f43]" name="test_ValidLoginLogOut" duration-ms="32282" started-at="2020-07-11T05:36:48Z" finished-at="2020-07-11T05:37:20Z">
          <reporter-output>
            <line>
              <![CDATA[Title is matching....actiTIME - Login]]>
            </line>
            <line>
              <![CDATA[Valid UN : admin]]>
            </line>
            <line>
              <![CDATA[Valid PW : manager]]>
            </line>
            <line>
              <![CDATA[Title is matching....actiTIME - Enter Time-Track]]>
            </line>
            <line>
              <![CDATA[Title is matching....actiTIME - Login]]>
            </line>
          </reporter-output>
        </test-method> <!-- test_ValidLoginLogOut -->
        <test-method status="PASS" signature="postcondition(org.testng.ITestResult)[pri:0, instance:test.ValidLoginAndLogoutTest@7cd62f43]" name="postcondition" is-config="true" duration-ms="4216" started-at="2020-07-11T05:37:20Z" finished-at="2020-07-11T05:37:24Z">
          <params>
            <param index="0">
              <value>
                <![CDATA[[TestResult name=test_ValidLoginLogOut status=SUCCESS method=ValidLoginAndLogoutTest.test_ValidLoginLogOut()[pri:1, instance:test.ValidLoginAndLogoutTest@7cd62f43] output=Title is matching....actiTIME - Login]]]>
              </value>
            </param>
          </params>
          <reporter-output>
          </reporter-output>
        </test-method> <!-- postcondition -->
      </class> <!-- test.ValidLoginAndLogoutTest -->
    </test> <!-- Test -->
  </suite> <!-- Suite -->
</testng-results>
